C251 COMPILER V5.60.0,  Buzzer                                                             19/10/25  14:22:52  PAGE 1   


C251 COMPILER V5.60.0, COMPILATION OF MODULE Buzzer
OBJECT MODULE PLACED IN .\out_file\Buzzer.obj
COMPILER INVOKED BY: D:\keil\C251\BIN\C251.EXE ..\code\Buzzer.c LARGE NOALIAS FLOAT64 WARNINGLEVEL(3) OPTIMIZE(3,SIZE) B
                    -ROWSE INCDIR(..\..\libraries\zf_common;..\..\libraries\zf_components;..\..\libraries\zf_device;..\..\libraries\zf_driver
                    -;..\user;..\code) DEBUG PRINT(.\out_file\Buzzer.lst) OBJECT(.\out_file\Buzzer.obj) 

stmt  level    source

    1          #include "Buzzer.h"
    2          void Buzzer_Init()
    3          {
    4   1              gpio_init(Buzzer_Pin,GPO,0,GPO_PUSH_PULL);
    5   1      }
    6          void Buzzer_ON()
    7          {
    8   1              gpio_set_level(Buzzer_Pin,1);
    9   1      }
   10          
   11          void Buzzer_OFF()
   12          {
   13   1              gpio_set_level(Buzzer_Pin,0);
   14   1      }


Module Information          Static   Overlayable
------------------------------------------------
  code size            =        36     ------
  ecode size           =    ------     ------
  data size            =    ------     ------
  idata size           =    ------     ------
  pdata size           =    ------     ------
  xdata size           =    ------     ------
  xdata-const size     =    ------     ------
  edata size           =    ------     ------
  bit size             =    ------     ------
  ebit size            =    ------     ------
  bitaddressable size  =    ------     ------
  ebitaddressable size =    ------     ------
  far data size        =    ------     ------
  huge data size       =    ------     ------
  const size           =    ------     ------
  hconst size          =    ------     ------
End of Module Information.


C251 COMPILATION COMPLETE.  0 WARNING(S),  0 ERROR(S)
