C251 COMPILER V5.60.0,  SEEKFREE_OLED                                                      09/09/25  18:26:21  PAGE 1   


C251 COMPILER V5.60.0, COMPILATION OF MODULE SEEKFREE_OLED
OBJECT MODULE PLACED IN .\out_file\SEEKFREE_OLED.obj
COMPILER INVOKED BY: D:\keil\C251\BIN\C251.EXE ..\code\SEEKFREE_OLED.c LARGE NOALIAS FLOAT64 WARNINGLEVEL(3) OPTIMIZE(3,
                    -SIZE) BROWSE INCDIR(..\..\libraries\zf_common;..\..\libraries\zf_components;..\..\libraries\zf_device;..\..\libraries\zf
                    -_driver;..\user;..\code) DEBUG PRINT(.\out_file\SEEKFREE_OLED.lst) OBJECT(.\out_file\SEEKFREE_OLED.obj) 

stmt  level    source

    1          /********************************************************************************************************
             -*************
    2           * COPYRIGHT NOTICE
    3           * Copyright (c) 2018,逐飞科技
    4           * All rights reserved.
    5           * 技术讨论QQ群：一群：179029047(已满)  二群：244861897
    6           *
    7           * 以下所有内容版权均属逐飞科技所有，未经允许不得用于商业用途，
    8           * 欢迎各位使用并传播本程序，修改内容时必须保留逐飞科技的版权声明。
    9           *
   10           * @file                OLED
   11           * @company                     成都逐飞科技有限公司
   12           * @author              逐飞科技(QQ3184284598)
   13           * @version             查看doc内version文件 版本说明
   14           * @Software            MDK FOR C251 V5.60
   15           * @Target core         STC32G12K128
   16           * @Taobao              https://seekfree.taobao.com/
   17           * @date                2019-04-30
   18           * @note                
   19                                                  接线定义：
   20                                                  ------------------------------------ 
   21                                                  OLED液晶    单片机                        
   22                                                  D0          查看SEEKFREE_OLED.h文件内的OLED_SCL_PIN   宏定义
   23                                                  D1          查看SEEKFREE_OLED.h文件内的OLED_SDA_PIN   宏定义            
   24                                                  RES         查看SEEKFREE_OLED.h文件内的OLED_RST_PIN   宏定义    
   25                                                  DC          查看SEEKFREE_OLED.h文件内的OLED_DC_PIN    宏定义
   26                                                  CS          查看SEEKFREE_OLED.h文件内的OLED_CS_PIN    宏定义
   27                                                  ------------------------------------ 
   28           ********************************************************************************************************
             -************/
   29          
   30          #include "zf_spi.h"
*** ERROR C318 IN LINE 30 OF ..\code\SEEKFREE_OLED.c: can't open file 'zf_spi.h'
   31          #include "zf_delay.h"
*** ERROR C318 IN LINE 31 OF ..\code\SEEKFREE_OLED.c: can't open file 'zf_delay.h'
   32          #include "SEEKFREE_FONT.h"
*** ERROR C318 IN LINE 32 OF ..\code\SEEKFREE_OLED.c: can't open file 'SEEKFREE_FONT.h'
   33          #include "SEEKFREE_PRINTF.h"
*** ERROR C318 IN LINE 33 OF ..\code\SEEKFREE_OLED.c: can't open file 'SEEKFREE_PRINTF.h'
   34          #include "SEEKFREE_OLED.h"
*** ERROR C318 IN LINE 35 OF ..\code\SEEKFREE_OLED.h: can't open file 'common.h'
*** ERROR C318 IN LINE 36 OF ..\code\SEEKFREE_OLED.h: can't open file 'board.h'
*** WARNING C34 IN LINE 102 OF ..\code\SEEKFREE_OLED.h: 'oled_buffer': missing declaration specifiers
*** ERROR C42 IN LINE 102 OF ..\code\SEEKFREE_OLED.h: 'oled_buffer': not in formal parameter list
*** ERROR C42 IN LINE 105 OF ..\code\SEEKFREE_OLED.h: 'oled_clear_buffer_soft': not in formal parameter list
*** ERROR C42 IN LINE 106 OF ..\code\SEEKFREE_OLED.h: 'oled_update_soft': not in formal parameter list
*** ERROR C25 IN LINE 107 OF ..\code\SEEKFREE_OLED.h: syntax error near 'page'
*** ERROR C42 IN LINE 107 OF ..\code\SEEKFREE_OLED.h: 'oled_clear_buffer_line_soft': not in formal parameter list
*** ERROR C25 IN LINE 108 OF ..\code\SEEKFREE_OLED.h: syntax error near 'page'
*** ERROR C42 IN LINE 108 OF ..\code\SEEKFREE_OLED.h: 'oled_update_line_soft': not in formal parameter list
*** ERROR C42 IN LINE 109 OF ..\code\SEEKFREE_OLED.h: 'oled_reverse_buffer_soft': not in formal parameter list
*** ERROR C25 IN LINE 110 OF ..\code\SEEKFREE_OLED.h: syntax error near 'page'
*** ERROR C42 IN LINE 110 OF ..\code\SEEKFREE_OLED.h: 'oled_reverse_buffer_line_soft': not in formal parameter list
*** ERROR C25 IN LINE 111 OF ..\code\SEEKFREE_OLED.h: syntax error near 'page'
*** ERROR C42 IN LINE 111 OF ..\code\SEEKFREE_OLED.h: 'oled_reverse_line_immediate_soft': not in formal parameter list
*** ERROR C42 IN LINE 114 OF ..\code\SEEKFREE_OLED.h: 'oled_clear_buffer': not in formal parameter list
*** ERROR C42 IN LINE 115 OF ..\code\SEEKFREE_OLED.h: 'oled_update_spi': not in formal parameter list
C251 COMPILER V5.60.0,  SEEKFREE_OLED                                                      09/09/25  18:26:21  PAGE 2   

*** ERROR C25 IN LINE 116 OF ..\code\SEEKFREE_OLED.h: syntax error near 'page'
*** ERROR C42 IN LINE 116 OF ..\code\SEEKFREE_OLED.h: 'oled_clear_buffer_line': not in formal parameter list
*** ERROR C25 IN LINE 117 OF ..\code\SEEKFREE_OLED.h: syntax error near 'page'
*** ERROR C42 IN LINE 117 OF ..\code\SEEKFREE_OLED.h: 'oled_update_line_spi': not in formal parameter list
*** ERROR C42 IN LINE 118 OF ..\code\SEEKFREE_OLED.h: 'oled_reverse_buffer': not in formal parameter list
*** ERROR C25 IN LINE 119 OF ..\code\SEEKFREE_OLED.h: syntax error near 'page'
*** ERROR C42 IN LINE 119 OF ..\code\SEEKFREE_OLED.h: 'oled_reverse_buffer_line': not in formal parameter list
*** ERROR C25 IN LINE 120 OF ..\code\SEEKFREE_OLED.h: syntax error near 'page'
*** ERROR C42 IN LINE 120 OF ..\code\SEEKFREE_OLED.h: 'oled_reverse_line_immediate': not in formal parameter list
*** ERROR C42 IN LINE 123 OF ..\code\SEEKFREE_OLED.h: 'oled_init': not in formal parameter list
*** ERROR C25 IN LINE 124 OF ..\code\SEEKFREE_OLED.h: syntax error near 'dat'
*** ERROR C42 IN LINE 124 OF ..\code\SEEKFREE_OLED.h: 'oled_fill': not in formal parameter list
*** ERROR C25 IN LINE 125 OF ..\code\SEEKFREE_OLED.h: syntax error near 'x'
*** ERROR C42 IN LINE 125 OF ..\code\SEEKFREE_OLED.h: 'oled_set_pos': not in formal parameter list
*** ERROR C25 IN LINE 126 OF ..\code\SEEKFREE_OLED.h: syntax error near 'x'
*** ERROR C7 IN LINE 126 OF ..\code\SEEKFREE_OLED.h: compilation aborted

C251 COMPILATION COMPLETE.  1 WARNING(S),  36 ERROR(S)
