C251 COMPILER V5.60.0,  zf_common_clock                                                    05/10/25  11:49:18  PAGE 1   


C251 COMPILER V5.60.0, COMPILATION OF MODULE zf_common_clock
OBJECT MODULE PLACED IN .\out_file\zf_common_clock.obj
COMPILER INVOKED BY: D:\keil\C251\BIN\C251.EXE ..\..\libraries\zf_common\zf_common_clock.c LARGE NOALIAS FLOAT64 WARNING
                    -LEVEL(3) OPTIMIZE(3,SIZE) BROWSE INCDIR(..\..\libraries\zf_common;..\..\libraries\zf_components;..\..\libraries\zf_devic
                    -e;..\..\libraries\zf_driver;..\user;..\code) DEBUG PRINT(.\out_file\zf_common_clock.lst) OBJECT(.\out_file\zf_common_clo
                    -ck.obj) 

stmt  level    source

    1          /********************************************************************************************************
             -*************
    2          * AI8051U Opensourec Library 即（AI8051U 开源库）是一个基于官方 SDK 接口的第三方开源库
    3          * Copyright (c) 2022 SEEKFREE 逐飞科技
    4          *
    5          * 本文件是STC 开源库的一部分
    6          *
    7          * AI8051U 开源库 是免费软件
    8          * 您可以根据自由软件基金会发布的 GPL（GNU General Public License，即 GNU通用公共许可证）的条款
    9          * 即 GPL 的第3版（即 GPL3.0）或（您选择的）任何后来的版本，重新发布和/或修改它
   10          *
   11          * 本开源库的发布是希望它能发挥作用，但并未对其作任何的保证
   12          * 甚至没有隐含的适销性或适合特定用途的保证
   13          * 更多细节请参见 GPL
   14          *
   15          * 您应该在收到本开源库的同时收到一份 GPL 的副本
   16          * 如果没有，请参阅<https://www.gnu.org/licenses/>
   17          *
   18          * 额外注明：
   19          * 本开源库使用 GPL3.0 开源许可证协议 以上许可申明为译文版本
   20          * 许可申明英文版在 libraries/doc 文件夹下的 GPL3_permission_statement.txt 文件中
   21          * 许可证副本在 libraries 文件夹下 即该文件夹下的 LICENSE 文件
   22          * 欢迎各位使用并传播本程序 但修改内容时必须保留逐飞科技的版权声明（即本声明）
   23          *
   24          * 文件名称          
   25          * 公司名称          成都逐飞科技有限公司
   26          * 版本信息          查看 libraries/doc 文件夹内 version 文件 版本说明
   27          * 开发环境          MDK FOR C251
   28          * 适用平台          AI8051U
   29          * 店铺链接          https://seekfree.taobao.com/
   30          *
   31          * 修改记录
   32          * 日期              作者           备注
   33          * 2024-08-01        大W            first version
   34          *********************************************************************************************************
             -***********/
   35          
   36          #include "zf_common_typedef.h"
   37          #include "zf_common_clock.h"
   38          #include "zf_common_debug.h"
   39          #include "zf_common_interrupt.h"
   40          
   41          #include "zf_driver_delay.h"
   42          
   43          //内核频率
   44          int32 system_clock = SYSTEM_CLOCK_40M;
   45          
   46          
   47          void clock_init (uint32 clock)                                              // 核心时钟初始化
   48          {
   49   1              P_SW2 = 0x80;           // 开启特殊地址访问
   50   1          CKCON = 0x00;           // 设置外部数据总线为最快
   51   1          WTST = 0;               // 设置程序代码等待参数，赋值为0可将CPU执行程序的速度设置为最快
   52   1      
   53   1              // 外部晶振
   54   1          XOSCCR = 0xc0;          // 启动外部晶振
C251 COMPILER V5.60.0,  zf_common_clock                                                    05/10/25  11:49:18  PAGE 2   

   55   1          while (!(XOSCCR & 1));  // 等待时钟稳定
   56   1          CLKDIV = 0x00;          // 时钟不分频
   57   1          CLKSEL = 0x01;          // 选择外部晶振
   58   1              CLKDIV = 0x00;          // 40MHz主频，分频设置
   59   1              
   60   1              system_delay_init();    // 延时函数初始化
   61   1      
   62   1      
   63   1              system_clock = clock;
   64   1              
   65   1          P0M0 = 0x00;
   66   1          P0M1 = 0x00;
   67   1          P1M0 = 0x00;
   68   1          P1M1 = 0x00;
   69   1          P2M0 = 0x00;
   70   1          P2M1 = 0x00;
   71   1          P3M0 = 0x00;
   72   1          P3M1 = 0x00;
   73   1          P4M0 = 0x00;
   74   1          P4M1 = 0x00;
   75   1          P5M0 = 0x00;
   76   1          P5M1 = 0x00;
   77   1          P6M0 = 0x00;
   78   1          P6M1 = 0x00;
   79   1          P7M0 = 0x00;
   80   1          P7M1 = 0x00;
   81   1              
   82   1      
   83   1          ADCCFG = 0x00;
   84   1          AUXR = 0x00;
   85   1          SCON = 0x00;
   86   1          S2CON = 0x00;
   87   1          S3CON = 0x00;
   88   1          S4CON = 0x00;
   89   1              P_SW1 = 0x00;
   90   1              P_SW3 = 0x00;
   91   1          IE2 = 0x00;
   92   1          TMOD = 0x00;
   93   1              PWMA_ENO = 0x00;
   94   1              PWMB_ENO = 0x00;
   95   1              
   96   1              HSCLKDIV = 0x00;
   97   1              SPI_CLKDIV = 0x00;
   98   1              
   99   1              
  100   1              interrupt_global_enable();
  101   1      }
  102          
  103          


Module Information          Static   Overlayable
------------------------------------------------
  code size            =       222     ------
  ecode size           =    ------     ------
  data size            =    ------     ------
  idata size           =    ------     ------
  pdata size           =    ------     ------
  xdata size           =         4     ------
  xdata-const size     =    ------     ------
  edata size           =    ------     ------
  bit size             =    ------     ------
  ebit size            =    ------     ------
  bitaddressable size  =    ------     ------
  ebitaddressable size =    ------     ------
  far data size        =    ------     ------
  huge data size       =    ------     ------
C251 COMPILER V5.60.0,  zf_common_clock                                                    05/10/25  11:49:18  PAGE 3   

  const size           =    ------     ------
  hconst size          =         9     ------
End of Module Information.


C251 COMPILATION COMPLETE.  0 WARNING(S),  0 ERROR(S)
