C251 COMPILER V5.60.0,  zf_driver_delay                                                    30/10/25  21:44:15  PAGE 1   


C251 COMPILER V5.60.0, COMPILATION OF MODULE zf_driver_delay
OBJECT MODULE PLACED IN .\out_file\zf_driver_delay.obj
COMPILER INVOKED BY: D:\keil\C251\BIN\C251.EXE ..\..\libraries\zf_driver\zf_driver_delay.c LARGE NOALIAS FLOAT64 WARNING
                    -LEVEL(3) OPTIMIZE(3,SIZE) BROWSE INCDIR(..\..\libraries\zf_common;..\..\libraries\zf_components;..\..\libraries\zf_devic
                    -e;..\..\libraries\zf_driver;..\user;..\code) DEBUG PRINT(.\out_file\zf_driver_delay.lst) OBJECT(.\out_file\zf_driver_del
                    -ay.obj) 

stmt  level    source

    1          /********************************************************************************************************
             -*************
    2          * AI8051U Opensourec Library 即（AI8051U 开源库）是一个基于官方 SDK 接口的第三方开源库
    3          * Copyright (c) 2022 SEEKFREE 逐飞科技
    4          *
    5          * 本文件是STC 开源库的一部分
    6          *
    7          * AI8051U 开源库 是免费软件
    8          * 您可以根据自由软件基金会发布的 GPL（GNU General Public License，即 GNU通用公共许可证）的条款
    9          * 即 GPL 的第3版（即 GPL3.0）或（您选择的）任何后来的版本，重新发布和/或修改它
   10          *
   11          * 本开源库的发布是希望它能发挥作用，但并未对其作任何的保证
   12          * 甚至没有隐含的适销性或适合特定用途的保证
   13          * 更多细节请参见 GPL
   14          *
   15          * 您应该在收到本开源库的同时收到一份 GPL 的副本
   16          * 如果没有，请参阅<https://www.gnu.org/licenses/>
   17          *
   18          * 额外注明：
   19          * 本开源库使用 GPL3.0 开源许可证协议 以上许可申明为译文版本
   20          * 许可申明英文版在 libraries/doc 文件夹下的 GPL3_permission_statement.txt 文件中
   21          * 许可证副本在 libraries 文件夹下 即该文件夹下的 LICENSE 文件
   22          * 欢迎各位使用并传播本程序 但修改内容时必须保留逐飞科技的版权声明（即本声明）
   23          *
   24          * 文件名称          
   25          * 公司名称          成都逐飞科技有限公司
   26          * 版本信息          查看 libraries/doc 文件夹内 version 文件 版本说明
   27          * 开发环境          MDK FOR C251
   28          * 适用平台          AI8051U
   29          * 店铺链接          https://seekfree.taobao.com/
   30          *
   31          * 修改记录
   32          * 日期              作者           备注
   33          * 2024-08-01        大W            first version
   34          *********************************************************************************************************
             -***********/
   35          
   36          #include "zf_common_clock.h"
   37          #include "zf_driver_delay.h"
   38          
   39          
   40          static vuint16 pca_delay_1us = 0;
   41          static vuint16 pca_delay_1ms = 0;
   42          //-------------------------------------------------------------------------------------------------------
             -------------
   43          //  @brief      软件延时函数初始化
   44          //  @param      NULL
   45          //  @return     void
   46          //  Sample usage:               无需用户调用，用户请使用h文件中的宏定义
   47          //-------------------------------------------------------------------------------------------------------
             -------------
   48          void system_delay_init(void)
   49          {
   50   1              pca_delay_1ms = ((system_clock) / (1000));
   51   1              pca_delay_1us = ((system_clock) / (1000000));
   52   1              
C251 COMPILER V5.60.0,  zf_driver_delay                                                    30/10/25  21:44:15  PAGE 2   

   53   1              CCAPM0 = 0x48;                  //PCA_2作为软件延时
   54   1              CMOD = 0x03<<5 | 0x04 << 1;                     //频率=FSOC,引脚为空，禁止PCA中断
   55   1              CCON |= 1 << 6;                 //启动计数
   56   1          
   57   1      }
   58          
   59          //-------------------------------------------------------------------------------------------------------
             -------------
   60          //  @brief      延时函数
   61          //  @param      ms              需要延时的时间（ms）
   62          //  @return     void
   63          //  Sample usage:               无需用户调用，用户请使用h文件中的宏定义
   64          //-------------------------------------------------------------------------------------------------------
             -------------
   65          void system_delay_ms(uint16 ms)
   66          {
   67   1              uint16 temp;
   68   1      
   69   1              while(ms--)
   70   1              {
   71   2                      temp = (CH<<8 | CL) + pca_delay_1ms;
   72   2              
   73   2                      CCAP0L = temp;
   74   2                      CCAP0H = (temp >> 8);   
   75   2                      
   76   2                      while((CCON & 0x01)  == 0);
   77   2                      CCON &= ~0x01;
   78   2              }
   79   1      }
   80          
   81          //-------------------------------------------------------------------------------------------------------
             -------------
   82          //  @brief      延时函数
   83          //  @param      us              需要延时的时间（us）
   84          //  @return     void
   85          //  Sample usage:               这是一个不太准的函数
   86          //-------------------------------------------------------------------------------------------------------
             -------------
   87          void system_delay_us(uint16 ms)
   88          {
   89   1              uint16 temp;
   90   1      
   91   1              while(ms--)
   92   1              {
   93   2                      temp = (CH<<8 | CL) + pca_delay_1us;
   94   2              
   95   2                      CCAP0L = temp;
   96   2                      CCAP0H = (temp >> 8);   
   97   2                      
   98   2                      while((CCON & 0x01)  == 0);
   99   2                      CCON &= ~0x01;
  100   2              }
  101   1      }


Module Information          Static   Overlayable
------------------------------------------------
  code size            =       307     ------
  ecode size           =    ------     ------
  data size            =    ------     ------
  idata size           =    ------     ------
  pdata size           =    ------     ------
  xdata size           =         4     ------
  xdata-const size     =    ------     ------
  edata size           =    ------     ------
  bit size             =    ------     ------
  ebit size            =    ------     ------
C251 COMPILER V5.60.0,  zf_driver_delay                                                    30/10/25  21:44:15  PAGE 3   

  bitaddressable size  =    ------     ------
  ebitaddressable size =    ------     ------
  far data size        =    ------     ------
  huge data size       =    ------     ------
  const size           =    ------     ------
  hconst size          =        14     ------
End of Module Information.


C251 COMPILATION COMPLETE.  0 WARNING(S),  0 ERROR(S)
